# JRE version: OpenJDK Runtime Environment (8.0_152-b02) (build 1.8.0_152-release-1024-b02)
# Java VM: OpenJDK 64-Bit Server VM (25.152-b02 mixed mode windows-amd64 compressed oops)
Heap:
 PSYoungGen      total 318976K, used 13417K [0x00000000e0000000, 0x00000000f4700000, 0x0000000100000000)
  eden space 308224K, 4% used [0x00000000e0000000,0x00000000e0d1a638,0x00000000f2d00000)
  from space 10752K, 0% used [0x00000000f3c80000,0x00000000f3c80000,0x00000000f4700000)
  to   space 13312K, 0% used [0x00000000f2d00000,0x00000000f2d00000,0x00000000f3a00000)
 ParOldGen       total 115712K, used 110087K [0x00000000a0000000, 0x00000000a7100000, 0x00000000e0000000)
  object space 115712K, 95% used [0x00000000a0000000,0x00000000a6b81ea8,0x00000000a7100000)
 Metaspace       used 77385K, capacity 80351K, committed 81368K, reserved 1120256K
  class space    used 9924K, capacity 10497K, committed 10752K, reserved 1048576K
GC Heap History (10 events):
Event: 203.901 GC heap before
{Heap before GC invocations=68 (full 4):
 PSYoungGen      total 321536K, used 313339K [0x00000000e0000000, 0x00000000f4700000, 0x0000000100000000)
  eden space 308224K, 100% used [0x00000000e0000000,0x00000000f2d00000,0x00000000f2d00000)
  from space 13312K, 38% used [0x00000000f2d00000,0x00000000f31fee20,0x00000000f3a00000)
  to   space 10752K, 0% used [0x00000000f3c80000,0x00000000f3c80000,0x00000000f4700000)
 ParOldGen       total 105984K, used 85206K [0x00000000a0000000, 0x00000000a6780000, 0x00000000e0000000)
  object space 105984K, 80% used [0x00000000a0000000,0x00000000a5335888,0x00000000a6780000)
 Metaspace       used 76742K, capacity 80039K, committed 80216K, reserved 1118208K
  class space    used 9941K, capacity 10579K, committed 10624K, reserved 1048576K
Event: 203.928 GC heap after
Heap after GC invocations=68 (full 4):
 PSYoungGen      total 318976K, used 7822K [0x00000000e0000000, 0x00000000f4700000, 0x0000000100000000)
  eden space 308224K, 0% used [0x00000000e0000000,0x00000000e0000000,0x00000000f2d00000)
  from space 10752K, 72% used [0x00000000f3c80000,0x00000000f4423888,0x00000000f4700000)
  to   space 13312K, 0% used [0x00000000f2d00000,0x00000000f2d00000,0x00000000f3a00000)
 ParOldGen       total 105984K, used 85270K [0x00000000a0000000, 0x00000000a6780000, 0x00000000e0000000)
  object space 105984K, 80% used [0x00000000a0000000,0x00000000a5345888,0x00000000a6780000)
 Metaspace       used 76742K, capacity 80039K, committed 80216K, reserved 1118208K
  class space    used 9941K, capacity 10579K, committed 10624K, reserved 1048576K
}
Event: 205.493 GC heap before
{Heap before GC invocations=69 (full 4):
 PSYoungGen      total 318976K, used 316046K [0x00000000e0000000, 0x00000000f4700000, 0x0000000100000000)
  eden space 308224K, 100% used [0x00000000e0000000,0x00000000f2d00000,0x00000000f2d00000)
  from space 10752K, 72% used [0x00000000f3c80000,0x00000000f4423888,0x00000000f4700000)
  to   space 13312K, 0% used [0x00000000f2d00000,0x00000000f2d00000,0x00000000f3a00000)
 ParOldGen       total 105984K, used 85270K [0x00000000a0000000, 0x00000000a6780000, 0x00000000e0000000)
  object space 105984K, 80% used [0x00000000a0000000,0x00000000a5345888,0x00000000a6780000)
 Metaspace       used 76760K, capacity 80113K, committed 80216K, reserved 1118208K
  class space    used 9942K, capacity 10580K, committed 10624K, reserved 1048576K
Event: 205.519 GC heap after
Heap after GC invocations=69 (full 4):
 PSYoungGen      total 321536K, used 5239K [0x00000000e0000000, 0x00000000f4700000, 0x0000000100000000)
  eden space 308224K, 0% used [0x00000000e0000000,0x00000000e0000000,0x00000000f2d00000)
  from space 13312K, 39% used [0x00000000f2d00000,0x00000000f321dcb0,0x00000000f3a00000)
  to   space 10752K, 0% used [0x00000000f3c80000,0x00000000f3c80000,0x00000000f4700000)
 ParOldGen       total 105984K, used 89305K [0x00000000a0000000, 0x00000000a6780000, 0x00000000e0000000)
  object space 105984K, 84% used [0x00000000a0000000,0x00000000a57364b8,0x00000000a6780000)
 Metaspace       used 76760K, capacity 80113K, committed 80216K, reserved 1118208K
  class space    used 9942K, capacity 10580K, committed 10624K, reserved 1048576K
}
Event: 209.433 GC heap before
{Heap before GC invocations=70 (full 4):
 PSYoungGen      total 321536K, used 313463K [0x00000000e0000000, 0x00000000f4700000, 0x0000000100000000)
  eden space 308224K, 100% used [0x00000000e0000000,0x00000000f2d00000,0x00000000f2d00000)
  from space 13312K, 39% used [0x00000000f2d00000,0x00000000f321dcb0,0x00000000f3a00000)
  to   space 10752K, 0% used [0x00000000f3c80000,0x00000000f3c80000,0x00000000f4700000)
 ParOldGen       total 105984K, used 89305K [0x00000000a0000000, 0x00000000a6780000, 0x00000000e0000000)
  object space 105984K, 84% used [0x00000000a0000000,0x00000000a57364b8,0x00000000a6780000)
 Metaspace       used 76920K, capacity 80253K, committed 80472K, reserved 1120256K
  class space    used 9952K, capacity 10582K, committed 10624K, reserved 1048576K
Event: 209.458 GC heap after
Heap after GC invocations=70 (full 4):
 PSYoungGen      total 318976K, used 3075K [0x00000000e0000000, 0x00000000f4700000, 0x0000000100000000)
  eden space 308224K, 0% used [0x00000000e0000000,0x00000000e0000000,0x00000000f2d00000)
  from space 10752K, 28% used [0x00000000f3c80000,0x00000000f3f80cd0,0x00000000f4700000)
  to   space 13312K, 0% used [0x00000000f2d00000,0x00000000f2d00000,0x00000000f3a00000)
 ParOldGen       total 105984K, used 91232K [0x00000000a0000000, 0x00000000a6780000, 0x00000000e0000000)
  object space 105984K, 86% used [0x00000000a0000000,0x00000000a59181f8,0x00000000a6780000)
 Metaspace       used 76920K, capacity 80253K, committed 80472K, reserved 1120256K
  class space    used 9952K, capacity 10582K, committed 10624K, reserved 1048576K
}
Event: 218.789 GC heap before
{Heap before GC invocations=71 (full 4):
 PSYoungGen      total 318976K, used 311299K [0x00000000e0000000, 0x00000000f4700000, 0x0000000100000000)
  eden space 308224K, 100% used [0x00000000e0000000,0x00000000f2d00000,0x00000000f2d00000)
  from space 10752K, 28% used [0x00000000f3c80000,0x00000000f3f80cd0,0x00000000f4700000)
  to   space 13312K, 0% used [0x00000000f2d00000,0x00000000f2d00000,0x00000000f3a00000)
 ParOldGen       total 105984K, used 91232K [0x00000000a0000000, 0x00000000a6780000, 0x00000000e0000000)
  object space 105984K, 86% used [0x00000000a0000000,0x00000000a59181f8,0x00000000a6780000)
 Metaspace       used 77624K, capacity 81009K, committed 81368K, reserved 1120256K
  class space    used 10007K, capacity 10640K, committed 10752K, reserved 1048576K
Event: 219.060 GC heap after
Heap after GC invocations=71 (full 4):
 PSYoungGen      total 318976K, used 311299K [0x00000000e0000000, 0x00000000f4700000, 0x0000000100000000)
  eden space 308224K, 100% used [0x00000000e0000000,0x00000000f2d00000,0x00000000f2d00000)
  from space 10752K, 28% used [0x00000000f3c80000,0x00000000f3f80cd0,0x00000000f4700000)
  to   space 13312K, 99% used [0x00000000f2d00000,0x00000000f39f8d50,0x00000000f3a00000)
 ParOldGen       total 115712K, used 115707K [0x00000000a0000000, 0x00000000a7100000, 0x00000000e0000000)
  object space 115712K, 99% used [0x00000000a0000000,0x00000000a70fecc8,0x00000000a7100000)
 Metaspace       used 77624K, capacity 81009K, committed 81368K, reserved 1120256K
  class space    used 10007K, capacity 10640K, committed 10752K, reserved 1048576K
}
Event: 219.060 GC heap before
{Heap before GC invocations=72 (full 5):
 PSYoungGen      total 318976K, used 311299K [0x00000000e0000000, 0x00000000f4700000, 0x0000000100000000)
  eden space 308224K, 100% used [0x00000000e0000000,0x00000000f2d00000,0x00000000f2d00000)
  from space 10752K, 28% used [0x00000000f3c80000,0x00000000f3f80cd0,0x00000000f4700000)
  to   space 13312K, 99% used [0x00000000f2d00000,0x00000000f39f8d50,0x00000000f3a00000)
 ParOldGen       total 115712K, used 115707K [0x00000000a0000000, 0x00000000a7100000, 0x00000000e0000000)
  object space 115712K, 99% used [0x00000000a0000000,0x00000000a70fecc8,0x00000000a7100000)
 Metaspace       used 77624K, capacity 81009K, committed 81368K, reserved 1120256K
  class space    used 10007K, capacity 10640K, committed 10752K, reserved 1048576K
Event: 219.722 GC heap after
Heap after GC invocations=72 (full 5):
 PSYoungGen      total 318976K, used 0K [0x00000000e0000000, 0x00000000f4700000, 0x0000000100000000)
  eden space 308224K, 0% used [0x00000000e0000000,0x00000000e0000000,0x00000000f2d00000)
  from space 10752K, 0% used [0x00000000f3c80000,0x00000000f3c80000,0x00000000f4700000)
  to   space 13312K, 0% used [0x00000000f2d00000,0x00000000f2d00000,0x00000000f3a00000)
 ParOldGen       total 115712K, used 110087K [0x00000000a0000000, 0x00000000a7100000, 0x00000000e0000000)
  object space 115712K, 95% used [0x00000000a0000000,0x00000000a6b81ea8,0x00000000a7100000)
 Metaspace       used 77385K, capacity 80351K, committed 81368K, reserved 1120256K
  class space    used 9924K, capacity 10497K, committed 10752K, reserved 1048576K
}

